2020-12-02 21:12:35,983 - instabot version: 0.117.0 (bot) - INFO - Instabot version: 0.117.0 Started
2020-12-02 21:12:35,984 - instabot version: 0.117.0 (bot) - DEBUG - Bot imported from C:\Users\RiosHenao\AppData\Local\Programs\Python\Python39\lib\site-packages\instabot\bot\bot.py
2020-12-02 21:12:48,174 - instabot version: 0.117.0 (api_login) - INFO - Not yet logged in starting: PRE-LOGIN FLOW!
2020-12-02 21:12:48,914 - instabot version: 0.117.0 (api) - DEBUG - POST to endpoint: accounts/get_prefill_candidates/ returned response: <Response [200]>
2020-12-02 21:12:49,386 - instabot version: 0.117.0 (api) - DEBUG - POST to endpoint: qe/sync/ returned response: <Response [200]>
2020-12-02 21:12:49,892 - instabot version: 0.117.0 (api) - DEBUG - POST to endpoint: launcher/sync/ returned response: <Response [200]>
2020-12-02 21:12:50,313 - instabot version: 0.117.0 (api) - DEBUG - POST to endpoint: accounts/contact_point_prefill/ returned response: <Response [200]>
2020-12-02 21:12:54,222 - instabot version: 0.117.0 (api) - DEBUG - POST to endpoint: accounts/login/ returned response: <Response [200]>
2020-12-02 21:12:54,223 - instabot version: 0.117.0 (api) - INFO - Logged-in successfully as 'pochi_dibujos'!
2020-12-02 21:12:54,223 - instabot version: 0.117.0 (api_login) - INFO - LOGIN FLOW! Just logged-in: True
2020-12-02 21:12:54,796 - instabot version: 0.117.0 (api) - DEBUG - POST to endpoint: qe/sync/ returned response: <Response [200]>
2020-12-02 21:12:55,293 - instabot version: 0.117.0 (api) - DEBUG - POST to endpoint: launcher/sync/ returned response: <Response [200]>
2020-12-02 21:12:55,682 - instabot version: 0.117.0 (api) - DEBUG - GET to endpoint: zr/token/result/?device_id=android-1386a1cfb9c5da69&token_hash=&custom_device_id=android-1386a1cfb9c5da69&fetch_reason=token_expired returned response: <Response [200]>
2020-12-02 21:12:56,173 - instabot version: 0.117.0 (api) - DEBUG - GET to endpoint: multiple_accounts/get_account_family/ returned response: <Response [200]>
2020-12-02 21:12:57,375 - instabot version: 0.117.0 (api) - DEBUG - POST to endpoint: qe/sync/ returned response: <Response [200]>
2020-12-02 21:12:58,263 - instabot version: 0.117.0 (api) - DEBUG - GET to endpoint: igtv/browse_feed/?prefetch=1 returned response: <Response [200]>
2020-12-02 21:12:58,671 - instabot version: 0.117.0 (api) - DEBUG - POST to endpoint: creatives/ar_class/ returned response: <Response [200]>
2020-12-02 21:12:59,904 - instabot version: 0.117.0 (api) - DEBUG - POST to endpoint: feed/reels_tray/ returned response: <Response [200]>
2020-12-02 21:13:07,966 - instabot version: 0.117.0 (api) - DEBUG - POST to endpoint: feed/timeline/ returned response: <Response [200]>
2020-12-02 21:13:09,159 - instabot version: 0.117.0 (api) - DEBUG - GET to endpoint: media/blocked/ returned response: <Response [200]>
2020-12-02 21:13:10,447 - instabot version: 0.117.0 (api) - DEBUG - GET to endpoint: news/inbox/ returned response: <Response [200]>
2020-12-02 21:13:10,934 - instabot version: 0.117.0 (api) - DEBUG - GET to endpoint: loom/fetch_config/ returned response: <Response [200]>
2020-12-02 21:13:14,208 - instabot version: 0.117.0 (api) - DEBUG - GET to endpoint: scores/bootstrap/users/?surfaces=["autocomplete_user_list","coefficient_besties_list_ranking","coefficient_rank_recipient_user_suggestion","coefficient_ios_section_test_bootstrap_ranking","coefficient_direct_recipients_ranking_variant_2"] returned response: <Response [200]>
2020-12-02 21:13:14,621 - instabot version: 0.117.0 (api) - DEBUG - GET to endpoint: business/eligibility/get_monetization_products_eligibility_data/?product_types=branded_content returned response: <Response [200]>
2020-12-02 21:13:15,044 - instabot version: 0.117.0 (api) - DEBUG - GET to endpoint: business/branded_content/should_require_professional_account/ returned response: <Response [200]>
2020-12-02 21:13:17,122 - instabot version: 0.117.0 (api) - DEBUG - GET to endpoint: linked_accounts/get_linkage_status/ returned response: <Response [200]>
2020-12-02 21:13:19,641 - instabot version: 0.117.0 (api) - DEBUG - GET to endpoint: locations/request_country/ returned response: <Response [200]>
2020-12-02 21:13:20,054 - instabot version: 0.117.0 (api) - DEBUG - GET to endpoint: qp/get_cooldowns/?signed_body=signed_body=4b9c516a5410a3bc128e09c6104a7f042146b9c2023870560c63a43a7f66781c.4&ig_sig_key_version=4&ig_sig_key_version=4 returned response: <Response [200]>
2020-12-02 21:13:20,531 - instabot version: 0.117.0 (api) - DEBUG - GET to endpoint: users/arlink_download_info/?version_override=2.2.1 returned response: <Response [200]>
2020-12-02 21:13:21,426 - instabot version: 0.117.0 (api) - DEBUG - GET to endpoint: users/1538171760/info/ returned response: <Response [200]>
2020-12-02 21:13:22,203 - instabot version: 0.117.0 (api) - DEBUG - GET to endpoint: direct_v2/get_presence/ returned response: <Response [200]>
2020-12-02 21:13:24,540 - instabot version: 0.117.0 (api) - DEBUG - GET to endpoint: direct_v2/inbox/?visual_message_return_type=unseen&thread_message_limit=10&persistentBadging=true&limit=20 returned response: <Response [200]>
2020-12-02 21:13:25,017 - instabot version: 0.117.0 (api) - DEBUG - GET to endpoint: direct_v2/inbox/?visual_message_return_type=unseen&persistentBadging=true&limit=0 returned response: <Response [200]>
2020-12-02 21:13:27,361 - instabot version: 0.117.0 (api) - DEBUG - GET to endpoint: discover/topical_explore/?is_prefetch=true&omit_cover_media=true&use_sectional_payload=true&timezone_offset=0&session_id=97d04cb9-5b8a-4dcd-a6eb-a4d6622c8977&include_fixed_destinations=true returned response: <Response [200]>
2020-12-02 21:13:27,771 - instabot version: 0.117.0 (api) - DEBUG - POST to endpoint: notifications/badge/ returned response: <Response [200]>
2020-12-02 21:13:28,447 - instabot version: 0.117.0 (api) - DEBUG - POST to endpoint: qp/batch_fetch/ returned response: <Response [200]>
2020-12-02 21:13:28,449 - instabot version: 0.117.0 (bot_checkpoint) - DEBUG - Loading Checkpoint file from: D:\JOSEPH\Estudiantil y Accesos directos\Proyectos Personales\GIT\Hacking\PythonMethods/config/pochi_dibujos.checkpoint
2020-12-02 21:13:31,271 - instabot version: 0.117.0 (api_photo) - ERROR - Photo Upload failed with the following response: <Response [400]>
2020-12-02 21:13:31,271 - instabot version: 0.117.0 (bot_photo) - INFO - Photo 'CloudIcon.png' is not uploaded.
2020-12-02 21:13:31,271 - instabot version: 0.117.0 (bot_checkpoint) - DEBUG - Saving Checkpoint file to: D:\JOSEPH\Estudiantil y Accesos directos\Proyectos Personales\GIT\Hacking\PythonMethods/config/pochi_dibujos.checkpoint
2020-12-02 21:13:31,272 - instabot version: 0.117.0 (bot) - INFO - Total requests: 31
